imgui_impl_glfw.obj : error LNK2001: 无法解析的外部符号 glfwGetClipboardString
imgui_impl_glfw.obj : error LNK2001: 无法解析的外部符号 glfwGetInputMode
imgui_impl_glfw.obj : error LNK2001: 无法解析的外部符号 glfwGetWindowAttrib
imgui_impl_glfw.obj : error LNK2001: 无法解析的外部符号 glfwGetTime
imgui_impl_glfw.obj : error LNK2001: 无法解析的外部符号 glfwSetMonitorCallback
imgui_impl_glfw.obj : error LNK2001: 无法解析的外部符号 glfwGetFramebufferSize
imgui_impl_glfw.obj : error LNK2001: 无法解析的外部符号 glfwSetClipboardString
imgui_impl_glfw.obj : error LNK2001: 无法解析的外部符号 glfwSetCursorEnterCallback
imgui_impl_glfw.obj : error LNK2001: 无法解析的外部符号 glfwGetWindowSize
imgui_impl_glfw.obj : error LNK2001: 无法解析的外部符号 glfwSetMouseButtonCallback
imgui_impl_glfw.obj : error LNK2001: 无法解析的外部符号 glfwSetCursor
imgui_impl_glfw.obj : error LNK2001: 无法解析的外部符号 glfwDestroyCursor
imgui_impl_glfw.obj : error LNK2001: 无法解析的外部符号 glfwSetKeyCallback
imgui_impl_glfw.obj : error LNK2001: 无法解析的外部符号 glfwSetScrollCallback
imgui_impl_glfw.obj : error LNK2001: 无法解析的外部符号 glfwSetInputMode
imgui_impl_glfw.obj : error LNK2001: 无法解析的外部符号 glfwCreateStandardCursor
imgui_impl_glfw.obj : error LNK2001: 无法解析的外部符号 glfwSetCursorPos
imgui_impl_glfw.obj : error LNK2001: 无法解析的外部符号 glfwGetWin32Window
imgui_impl_glfw.obj : error LNK2001: 无法解析的外部符号 glfwGetGamepadState
imgui_impl_glfw.obj : error LNK2001: 无法解析的外部符号 glfwSetCursorPosCallback
imgui_impl_glfw.obj : error LNK2001: 无法解析的外部符号 glfwGetKeyName
imgui_impl_glfw.obj : error LNK2001: 无法解析的外部符号 glfwGetCursorPos
imgui_impl_glfw.obj : error LNK2001: 无法解析的外部符号 glfwSetWindowFocusCallback
imgui_impl_glfw.obj : error LNK2001: 无法解析的外部符号 glfwSetErrorCallback
imgui_impl_glfw.obj : error LNK2001: 无法解析的外部符号 glfwSetCharCallback
Neon-@~@.obj : error LNK2001: 无法解析的外部符号 glfwSwapBuffers
Neon-@~@.obj : error LNK2001: 无法解析的外部符号 __glewEnableVertexAttribArray
Neon-@~@.obj : error LNK2001: 无法解析的外部符号 __glewBindVertexArray
Neon-@~@.obj : error LNK2001: 无法解析的外部符号 __glewVertexAttribPointer
Neon-@~@.obj : error LNK2001: 无法解析的外部符号 __glewBindBuffer
Neon-@~@.obj : error LNK2001: 无法解析的外部符号 glfwGetKey
Neon-@~@.obj : error LNK2001: 无法解析的外部符号 glfwTerminate
Neon-@~@.obj : error LNK2001: 无法解析的外部符号 glfwPollEvents
Neon-@~@.obj : error LNK2001: 无法解析的外部符号 glfwInit
Neon-@~@.obj : error LNK2001: 无法解析的外部符号 glfwSetWindowShouldClose
Neon-@~@.obj : error LNK2001: 无法解析的外部符号 glfwCreateWindow
Neon-@~@.obj : error LNK2001: 无法解析的外部符号 glfwWindowHint
Neon-@~@.obj : error LNK2001: 无法解析的外部符号 __glewGetUniformLocation
Neon-@~@.obj : error LNK2001: 无法解析的外部符号 glfwMakeContextCurrent
Neon-@~@.obj : error LNK2001: 无法解析的外部符号 __glewBufferData
Neon-@~@.obj : error LNK2001: 无法解析的外部符号 __glewActiveTexture
Neon-@~@.obj : error LNK2001: 无法解析的外部符号 __glewGenVertexArrays
Neon-@~@.obj : error LNK2001: 无法解析的外部符号 glfwDestroyWindow
Neon-@~@.obj : error LNK2001: 无法解析的外部符号 __glewUniformMatrix4fv
Neon-@~@.obj : error LNK2001: 无法解析的外部符号 glewExperimental
Neon-@~@.obj : error LNK2001: 无法解析的外部符号 __glewGenBuffers
Neon-@~@.obj : error LNK2001: 无法解析的外部符号 __glewGenerateMipmap
Neon-@~@.obj : error LNK2001: 无法解析的外部符号 __glewUniform3f
Neon-@~@.obj : error LNK2001: 无法解析的外部符号 glfwWindowShouldClose
Neon-@~@.obj : error LNK2001: 无法解析的外部符号 glewInit
Shader.obj : error LNK2001: 无法解析的外部符号 __glewUseProgram
Shader.obj : error LNK2001: 无法解析的外部符号 __glewGetShaderiv
Shader.obj : error LNK2001: 无法解析的外部符号 __glewCompileShader
Shader.obj : error LNK2001: 无法解析的外部符号 __glewCreateShader
Shader.obj : error LNK2001: 无法解析的外部符号 __glewCreateProgram
Shader.obj : error LNK2001: 无法解析的外部符号 __glewUniform1i
Shader.obj : error LNK2001: 无法解析的外部符号 __glewGetShaderInfoLog
Shader.obj : error LNK2001: 无法解析的外部符号 __glewGetProgramiv
Shader.obj : error LNK2001: 无法解析的外部符号 __glewUniform1f
Shader.obj : error LNK2001: 无法解析的外部符号 __glewAttachShader
Shader.obj : error LNK2001: 无法解析的外部符号 __glewShaderSource
Shader.obj : error LNK2001: 无法解析的外部符号 __glewGetProgramInfoLog
Shader.obj : error LNK2001: 无法解析的外部符号 __glewDeleteShader
Shader.obj : error LNK2001: 无法解析的外部符号 __glewLinkProgram
F:\Developing\Neon\x64\Release\Neon.exe : fatal error LNK1120: 64 个无法解析的外部命令
